2024-05-19 21:26:05,294 INFO o.s.b.StartupInfoLogger [restartedMain] Starting MasterSlaveApplication using Java 17.0.10 with PID 10236 (C:\Users\Admin\Downloads\Spring\master-slave\master-slave\target\classes started by Admin in C:\Users\Admin\Downloads\Spring\master-slave\master-slave)
2024-05-19 21:26:05,322 INFO o.s.b.SpringApplication [restartedMain] No active profile set, falling back to 1 default profile: "default"
2024-05-19 21:26:05,438 INFO o.s.b.l.DeferredLog [restartedMain] Devtools property defaults active! Set 'spring.devtools.add-properties' to 'false' to disable
2024-05-19 21:26:05,438 INFO o.s.b.l.DeferredLog [restartedMain] For additional web related logging consider setting the 'logging.level.web' property to 'DEBUG'
2024-05-19 21:26:07,162 INFO o.s.d.r.c.RepositoryConfigurationDelegate [restartedMain] Bootstrapping Spring Data JPA repositories in DEFAULT mode.
2024-05-19 21:26:07,244 INFO o.s.d.r.c.RepositoryConfigurationDelegate [restartedMain] Finished Spring Data repository scanning in 69 ms. Found 1 JPA repository interface.
2024-05-19 21:26:09,261 INFO o.s.b.w.e.t.TomcatWebServer [restartedMain] Tomcat initialized with port 8080 (http)
2024-05-19 21:26:09,295 INFO o.a.j.l.DirectJDKLog [restartedMain] Initializing ProtocolHandler ["http-nio-8080"]
2024-05-19 21:26:09,301 INFO o.a.j.l.DirectJDKLog [restartedMain] Starting service [Tomcat]
2024-05-19 21:26:09,302 INFO o.a.j.l.DirectJDKLog [restartedMain] Starting Servlet engine: [Apache Tomcat/10.1.20]
2024-05-19 21:26:09,446 INFO o.a.j.l.DirectJDKLog [restartedMain] Initializing Spring embedded WebApplicationContext
2024-05-19 21:26:09,451 INFO o.s.b.w.s.c.ServletWebServerApplicationContext [restartedMain] Root WebApplicationContext: initialization completed in 4007 ms
2024-05-19 21:26:09,675 INFO i.m.d.DatadogMeterRegistry [restartedMain] An application key must be configured in order for unit information to be sent to Datadog.
2024-05-19 21:26:09,677 INFO i.m.c.i.p.PushMeterRegistry [restartedMain] publishing metrics for DatadogMeterRegistry every 30s
2024-05-19 21:26:10,404 INFO c.z.h.HikariDataSource [restartedMain] HikariPool-1 - Starting...
2024-05-19 21:26:10,905 INFO c.z.h.p.HikariPool [restartedMain] HikariPool-1 - Added connection org.postgresql.jdbc.PgConnection@5db81d93
2024-05-19 21:26:10,911 INFO c.z.h.HikariDataSource [restartedMain] HikariPool-1 - Start completed.
2024-05-19 21:26:11,064 INFO o.h.j.i.u.LogHelper [restartedMain] HHH000204: Processing PersistenceUnitInfo [name: default]
2024-05-19 21:26:11,340 INFO o.h.Version [restartedMain] HHH000412: Hibernate ORM core version 6.5.0.CR2
2024-05-19 21:26:11,488 INFO o.h.c.i.RegionFactoryInitiator [restartedMain] HHH000026: Second-level cache disabled
2024-05-19 21:26:12,319 INFO o.s.o.j.p.SpringPersistenceUnitInfo [restartedMain] No LoadTimeWeaver setup: ignoring JPA class transformer
2024-05-19 21:26:12,499 WARN o.h.e.j.d.i.DialectFactoryImpl [restartedMain] HHH90000025: PostgreSQLDialect does not need to be specified explicitly using 'hibernate.dialect' (remove the property setting and it will be selected by default)
2024-05-19 21:26:14,309 INFO o.h.e.t.j.p.i.JtaPlatformInitiator [restartedMain] HHH000489: No JTA platform available (set 'hibernate.transaction.jta.platform' to enable JTA platform integration)
2024-05-19 21:26:14,315 INFO o.s.o.j.AbstractEntityManagerFactoryBean [restartedMain] Initialized JPA EntityManagerFactory for persistence unit 'default'
2024-05-19 21:26:15,115 WARN o.s.b.a.o.j.JpaBaseConfiguration$JpaWebConfiguration [restartedMain] spring.jpa.open-in-view is enabled by default. Therefore, database queries may be performed during view rendering. Explicitly configure spring.jpa.open-in-view to disable this warning
2024-05-19 21:26:17,352 INFO o.s.b.d.a.OptionalLiveReloadServer [restartedMain] LiveReload server is running on port 35729
2024-05-19 21:26:17,375 INFO o.s.b.a.e.w.EndpointLinksResolver [restartedMain] Exposing 14 endpoints beneath base path '/actuator'
2024-05-19 21:26:17,587 INFO o.a.j.l.DirectJDKLog [restartedMain] Starting ProtocolHandler ["http-nio-8080"]
2024-05-19 21:26:17,626 INFO o.s.b.w.e.t.TomcatWebServer [restartedMain] Tomcat started on port 8080 (http) with context path '/'
2024-05-19 21:26:17,662 INFO o.s.b.StartupInfoLogger [restartedMain] Started MasterSlaveApplication in 13.309 seconds (process running for 14.911)
2024-05-19 21:26:31,789 INFO o.a.j.l.DirectJDKLog [http-nio-8080-exec-1] Initializing Spring DispatcherServlet 'dispatcherServlet'
2024-05-19 21:26:31,790 INFO o.s.w.s.FrameworkServlet [http-nio-8080-exec-1] Initializing Servlet 'dispatcherServlet'
2024-05-19 21:26:31,794 INFO o.s.w.s.FrameworkServlet [http-nio-8080-exec-1] Completed initialization in 3 ms
2024-05-19 21:26:31,868 INFO c.l.m.s.UserService [http-nio-8080-exec-1] Get users info
